[debug] [2023-02-22T17:02:31.099Z] ----------------------------------------------------------------------
[debug] [2023-02-22T17:02:31.101Z] Command:       C:\Program Files\nodejs\node.exe C:\Users\Dharmik Patel\AppData\Roaming\npm\node_modules\firebase-tools\lib\bin\firebase.js deploy
[debug] [2023-02-22T17:02:31.101Z] CLI Version:   11.1.0
[debug] [2023-02-22T17:02:31.101Z] Platform:      win32
[debug] [2023-02-22T17:02:31.102Z] Node Version:  v16.13.2
[debug] [2023-02-22T17:02:31.103Z] Time:          Wed Feb 22 2023 22:32:31 GMT+0530 (India Standard Time)
[debug] [2023-02-22T17:02:31.104Z] ----------------------------------------------------------------------
[debug] 
[debug] [2023-02-22T17:02:31.108Z] >>> [apiv2][query] GET https://firebase-public.firebaseio.com/cli.json [none]
[debug] [2023-02-22T17:02:31.211Z] > command requires scopes: ["email","openid","https://www.googleapis.com/auth/cloudplatformprojects.readonly","https://www.googleapis.com/auth/firebase","https://www.googleapis.com/auth/cloud-platform"]
[debug] [2023-02-22T17:02:31.211Z] > authorizing via signed-in user (dhpatel1210@gmail.com)
[debug] [2023-02-22T17:02:31.212Z] [iam] checking project to-plug for permissions ["datastore.indexes.create","datastore.indexes.delete","datastore.indexes.list","datastore.indexes.update","firebase.projects.get","firebasehosting.sites.update","firebaserules.releases.create","firebaserules.releases.update","firebaserules.rulesets.create"]
[debug] [2023-02-22T17:02:31.213Z] > refreshing access token with scopes: []
[debug] [2023-02-22T17:02:31.215Z] >>> [apiv2][query] POST https://www.googleapis.com/oauth2/v3/token [none]
[debug] [2023-02-22T17:02:31.215Z] >>> [apiv2][body] POST https://www.googleapis.com/oauth2/v3/token [omitted]
[debug] [2023-02-22T17:02:32.136Z] <<< [apiv2][status] GET https://firebase-public.firebaseio.com/cli.json 200
[debug] [2023-02-22T17:02:32.136Z] <<< [apiv2][body] GET https://firebase-public.firebaseio.com/cli.json {"cloudBuildErrorAfter":1594252800000,"cloudBuildWarnAfter":1590019200000,"defaultNode10After":1594252800000,"minVersion":"3.0.5","node8DeploysDisabledAfter":1613390400000,"node8RuntimeDisabledAfter":1615809600000,"node8WarnAfter":1600128000000}
[debug] [2023-02-22T17:02:32.953Z] <<< [apiv2][status] POST https://www.googleapis.com/oauth2/v3/token 200
[debug] [2023-02-22T17:02:32.953Z] <<< [apiv2][body] POST https://www.googleapis.com/oauth2/v3/token [omitted]
[debug] [2023-02-22T17:02:32.962Z] >>> [apiv2][query] POST https://cloudresourcemanager.googleapis.com/v1/projects/to-plug:testIamPermissions [none]
[debug] [2023-02-22T17:02:32.963Z] >>> [apiv2][body] POST https://cloudresourcemanager.googleapis.com/v1/projects/to-plug:testIamPermissions {"permissions":["datastore.indexes.create","datastore.indexes.delete","datastore.indexes.list","datastore.indexes.update","firebase.projects.get","firebasehosting.sites.update","firebaserules.releases.create","firebaserules.releases.update","firebaserules.rulesets.create"]}
[debug] [2023-02-22T17:02:34.702Z] <<< [apiv2][status] POST https://cloudresourcemanager.googleapis.com/v1/projects/to-plug:testIamPermissions 200
[debug] [2023-02-22T17:02:34.702Z] <<< [apiv2][body] POST https://cloudresourcemanager.googleapis.com/v1/projects/to-plug:testIamPermissions {"permissions":["datastore.indexes.create","datastore.indexes.delete","datastore.indexes.list","datastore.indexes.update","firebase.projects.get","firebasehosting.sites.update","firebaserules.releases.create","firebaserules.releases.update","firebaserules.rulesets.create"]}
[debug] [2023-02-22T17:02:34.704Z] >>> [apiv2][query] GET https://firebase.googleapis.com/v1beta1/projects/to-plug [none]
[debug] [2023-02-22T17:02:36.073Z] <<< [apiv2][status] GET https://firebase.googleapis.com/v1beta1/projects/to-plug 200
[debug] [2023-02-22T17:02:36.073Z] <<< [apiv2][body] GET https://firebase.googleapis.com/v1beta1/projects/to-plug {"projectId":"to-plug","projectNumber":"498692579305","displayName":"to-plug","name":"projects/to-plug","resources":{"hostingSite":"to-plug","realtimeDatabaseInstance":"to-plug-default-rtdb","storageBucket":"to-plug.appspot.com","locationId":"asia-south1"},"state":"ACTIVE","etag":"1_294e3821-cdb0-4ac2-b1b1-c663fc2c8334"}
[info] 
[info] === Deploying to 'to-plug'...
[info] 
[info] i  deploying storage, firestore, hosting 
[debug] [2023-02-22T17:02:36.078Z] >>> [apiv2][query] GET https://appengine.googleapis.com/v1/apps/to-plug [none]
